# ******************************************************
# PLUTO 4.4 Grid File
# Generated on  Wed Mar  9 18:12:08 2022
# 
# DIMENSIONS: 3
# GEOMETRY:   SPHERICAL
# X1: [ 0.139600,  1.100326], 70 point(s), 3 ghosts
# X2: [ 0.000000,  3.141600], 80 point(s), 3 ghosts
# X3: [ 0.000000,  6.283200], 128 point(s), 3 ghosts
# ******************************************************
70 
 1   1.395998000000e-01    1.533244600000e-01
 2   1.533244600000e-01    1.670491200000e-01
 3   1.670491200000e-01    1.807737800000e-01
 4   1.807737800000e-01    1.944984400000e-01
 5   1.944984400000e-01    2.082231000000e-01
 6   2.082231000000e-01    2.219477600000e-01
 7   2.219477600000e-01    2.356724200000e-01
 8   2.356724200000e-01    2.493970800000e-01
 9   2.493970800000e-01    2.631217400000e-01
 10   2.631217400000e-01    2.768464000000e-01
 11   2.768464000000e-01    2.905710600000e-01
 12   2.905710600000e-01    3.042957200000e-01
 13   3.042957200000e-01    3.180203800000e-01
 14   3.180203800000e-01    3.317450400000e-01
 15   3.317450400000e-01    3.454697000000e-01
 16   3.454697000000e-01    3.591943600000e-01
 17   3.591943600000e-01    3.729190200000e-01
 18   3.729190200000e-01    3.866436800000e-01
 19   3.866436800000e-01    4.003683400000e-01
 20   4.003683400000e-01    4.140930000000e-01
 21   4.140930000000e-01    4.278176600000e-01
 22   4.278176600000e-01    4.415423200000e-01
 23   4.415423200000e-01    4.552669800000e-01
 24   4.552669800000e-01    4.689916400000e-01
 25   4.689916400000e-01    4.827163000000e-01
 26   4.827163000000e-01    4.964409600000e-01
 27   4.964409600000e-01    5.101656200000e-01
 28   5.101656200000e-01    5.238902800000e-01
 29   5.238902800000e-01    5.376149400000e-01
 30   5.376149400000e-01    5.513396000000e-01
 31   5.513396000000e-01    5.650642600000e-01
 32   5.650642600000e-01    5.787889200000e-01
 33   5.787889200000e-01    5.925135800000e-01
 34   5.925135800000e-01    6.062382400000e-01
 35   6.062382400000e-01    6.199629000000e-01
 36   6.199629000000e-01    6.336875600000e-01
 37   6.336875600000e-01    6.474122200000e-01
 38   6.474122200000e-01    6.611368800000e-01
 39   6.611368800000e-01    6.748615400000e-01
 40   6.748615400000e-01    6.885862000000e-01
 41   6.885862000000e-01    7.023108600000e-01
 42   7.023108600000e-01    7.160355200000e-01
 43   7.160355200000e-01    7.297601800000e-01
 44   7.297601800000e-01    7.434848400000e-01
 45   7.434848400000e-01    7.572095000000e-01
 46   7.572095000000e-01    7.709341600000e-01
 47   7.709341600000e-01    7.846588200000e-01
 48   7.846588200000e-01    7.983834800000e-01
 49   7.983834800000e-01    8.121081400000e-01
 50   8.121081400000e-01    8.258328000000e-01
 51   8.258328000000e-01    8.395574600000e-01
 52   8.395574600000e-01    8.532821200000e-01
 53   8.532821200000e-01    8.670067800000e-01
 54   8.670067800000e-01    8.807314400000e-01
 55   8.807314400000e-01    8.944561000000e-01
 56   8.944561000000e-01    9.081807600000e-01
 57   9.081807600000e-01    9.219054200000e-01
 58   9.219054200000e-01    9.356300800000e-01
 59   9.356300800000e-01    9.493547400000e-01
 60   9.493547400000e-01    9.630794000000e-01
 61   9.630794000000e-01    9.768040600000e-01
 62   9.768040600000e-01    9.905287200000e-01
 63   9.905287200000e-01    1.004253380000e+00
 64   1.004253380000e+00    1.017978040000e+00
 65   1.017978040000e+00    1.031702700000e+00
 66   1.031702700000e+00    1.045427360000e+00
 67   1.045427360000e+00    1.059152020000e+00
 68   1.059152020000e+00    1.072876680000e+00
 69   1.072876680000e+00    1.086601340000e+00
 70   1.086601340000e+00    1.100326000000e+00
80 
 1   0.000000000000e+00    3.927000000000e-02
 2   3.927000000000e-02    7.854000000000e-02
 3   7.854000000000e-02    1.178100000000e-01
 4   1.178100000000e-01    1.570800000000e-01
 5   1.570800000000e-01    1.963500000000e-01
 6   1.963500000000e-01    2.356200000000e-01
 7   2.356200000000e-01    2.748900000000e-01
 8   2.748900000000e-01    3.141600000000e-01
 9   3.141600000000e-01    3.534300000000e-01
 10   3.534300000000e-01    3.927000000000e-01
 11   3.927000000000e-01    4.319700000000e-01
 12   4.319700000000e-01    4.712400000000e-01
 13   4.712400000000e-01    5.105100000000e-01
 14   5.105100000000e-01    5.497800000000e-01
 15   5.497800000000e-01    5.890500000000e-01
 16   5.890500000000e-01    6.283200000000e-01
 17   6.283200000000e-01    6.675900000000e-01
 18   6.675900000000e-01    7.068600000000e-01
 19   7.068600000000e-01    7.461300000000e-01
 20   7.461300000000e-01    7.854000000000e-01
 21   7.854000000000e-01    8.246700000000e-01
 22   8.246700000000e-01    8.639400000000e-01
 23   8.639400000000e-01    9.032100000000e-01
 24   9.032100000000e-01    9.424800000000e-01
 25   9.424800000000e-01    9.817500000000e-01
 26   9.817500000000e-01    1.021020000000e+00
 27   1.021020000000e+00    1.060290000000e+00
 28   1.060290000000e+00    1.099560000000e+00
 29   1.099560000000e+00    1.138830000000e+00
 30   1.138830000000e+00    1.178100000000e+00
 31   1.178100000000e+00    1.217370000000e+00
 32   1.217370000000e+00    1.256640000000e+00
 33   1.256640000000e+00    1.295910000000e+00
 34   1.295910000000e+00    1.335180000000e+00
 35   1.335180000000e+00    1.374450000000e+00
 36   1.374450000000e+00    1.413720000000e+00
 37   1.413720000000e+00    1.452990000000e+00
 38   1.452990000000e+00    1.492260000000e+00
 39   1.492260000000e+00    1.531530000000e+00
 40   1.531530000000e+00    1.570800000000e+00
 41   1.570800000000e+00    1.610070000000e+00
 42   1.610070000000e+00    1.649340000000e+00
 43   1.649340000000e+00    1.688610000000e+00
 44   1.688610000000e+00    1.727880000000e+00
 45   1.727880000000e+00    1.767150000000e+00
 46   1.767150000000e+00    1.806420000000e+00
 47   1.806420000000e+00    1.845690000000e+00
 48   1.845690000000e+00    1.884960000000e+00
 49   1.884960000000e+00    1.924230000000e+00
 50   1.924230000000e+00    1.963500000000e+00
 51   1.963500000000e+00    2.002770000000e+00
 52   2.002770000000e+00    2.042040000000e+00
 53   2.042040000000e+00    2.081310000000e+00
 54   2.081310000000e+00    2.120580000000e+00
 55   2.120580000000e+00    2.159850000000e+00
 56   2.159850000000e+00    2.199120000000e+00
 57   2.199120000000e+00    2.238390000000e+00
 58   2.238390000000e+00    2.277660000000e+00
 59   2.277660000000e+00    2.316930000000e+00
 60   2.316930000000e+00    2.356200000000e+00
 61   2.356200000000e+00    2.395470000000e+00
 62   2.395470000000e+00    2.434740000000e+00
 63   2.434740000000e+00    2.474010000000e+00
 64   2.474010000000e+00    2.513280000000e+00
 65   2.513280000000e+00    2.552550000000e+00
 66   2.552550000000e+00    2.591820000000e+00
 67   2.591820000000e+00    2.631090000000e+00
 68   2.631090000000e+00    2.670360000000e+00
 69   2.670360000000e+00    2.709630000000e+00
 70   2.709630000000e+00    2.748900000000e+00
 71   2.748900000000e+00    2.788170000000e+00
 72   2.788170000000e+00    2.827440000000e+00
 73   2.827440000000e+00    2.866710000000e+00
 74   2.866710000000e+00    2.905980000000e+00
 75   2.905980000000e+00    2.945250000000e+00
 76   2.945250000000e+00    2.984520000000e+00
 77   2.984520000000e+00    3.023790000000e+00
 78   3.023790000000e+00    3.063060000000e+00
 79   3.063060000000e+00    3.102330000000e+00
 80   3.102330000000e+00    3.141600000000e+00
128 
 1   0.000000000000e+00    4.908750000000e-02
 2   4.908750000000e-02    9.817500000000e-02
 3   9.817500000000e-02    1.472625000000e-01
 4   1.472625000000e-01    1.963500000000e-01
 5   1.963500000000e-01    2.454375000000e-01
 6   2.454375000000e-01    2.945250000000e-01
 7   2.945250000000e-01    3.436125000000e-01
 8   3.436125000000e-01    3.927000000000e-01
 9   3.927000000000e-01    4.417875000000e-01
 10   4.417875000000e-01    4.908750000000e-01
 11   4.908750000000e-01    5.399625000000e-01
 12   5.399625000000e-01    5.890500000000e-01
 13   5.890500000000e-01    6.381375000000e-01
 14   6.381375000000e-01    6.872250000000e-01
 15   6.872250000000e-01    7.363125000000e-01
 16   7.363125000000e-01    7.854000000000e-01
 17   7.854000000000e-01    8.344875000000e-01
 18   8.344875000000e-01    8.835750000000e-01
 19   8.835750000000e-01    9.326625000000e-01
 20   9.326625000000e-01    9.817500000000e-01
 21   9.817500000000e-01    1.030837500000e+00
 22   1.030837500000e+00    1.079925000000e+00
 23   1.079925000000e+00    1.129012500000e+00
 24   1.129012500000e+00    1.178100000000e+00
 25   1.178100000000e+00    1.227187500000e+00
 26   1.227187500000e+00    1.276275000000e+00
 27   1.276275000000e+00    1.325362500000e+00
 28   1.325362500000e+00    1.374450000000e+00
 29   1.374450000000e+00    1.423537500000e+00
 30   1.423537500000e+00    1.472625000000e+00
 31   1.472625000000e+00    1.521712500000e+00
 32   1.521712500000e+00    1.570800000000e+00
 33   1.570800000000e+00    1.619887500000e+00
 34   1.619887500000e+00    1.668975000000e+00
 35   1.668975000000e+00    1.718062500000e+00
 36   1.718062500000e+00    1.767150000000e+00
 37   1.767150000000e+00    1.816237500000e+00
 38   1.816237500000e+00    1.865325000000e+00
 39   1.865325000000e+00    1.914412500000e+00
 40   1.914412500000e+00    1.963500000000e+00
 41   1.963500000000e+00    2.012587500000e+00
 42   2.012587500000e+00    2.061675000000e+00
 43   2.061675000000e+00    2.110762500000e+00
 44   2.110762500000e+00    2.159850000000e+00
 45   2.159850000000e+00    2.208937500000e+00
 46   2.208937500000e+00    2.258025000000e+00
 47   2.258025000000e+00    2.307112500000e+00
 48   2.307112500000e+00    2.356200000000e+00
 49   2.356200000000e+00    2.405287500000e+00
 50   2.405287500000e+00    2.454375000000e+00
 51   2.454375000000e+00    2.503462500000e+00
 52   2.503462500000e+00    2.552550000000e+00
 53   2.552550000000e+00    2.601637500000e+00
 54   2.601637500000e+00    2.650725000000e+00
 55   2.650725000000e+00    2.699812500000e+00
 56   2.699812500000e+00    2.748900000000e+00
 57   2.748900000000e+00    2.797987500000e+00
 58   2.797987500000e+00    2.847075000000e+00
 59   2.847075000000e+00    2.896162500000e+00
 60   2.896162500000e+00    2.945250000000e+00
 61   2.945250000000e+00    2.994337500000e+00
 62   2.994337500000e+00    3.043425000000e+00
 63   3.043425000000e+00    3.092512500000e+00
 64   3.092512500000e+00    3.141600000000e+00
 65   3.141600000000e+00    3.190687500000e+00
 66   3.190687500000e+00    3.239775000000e+00
 67   3.239775000000e+00    3.288862500000e+00
 68   3.288862500000e+00    3.337950000000e+00
 69   3.337950000000e+00    3.387037500000e+00
 70   3.387037500000e+00    3.436125000000e+00
 71   3.436125000000e+00    3.485212500000e+00
 72   3.485212500000e+00    3.534300000000e+00
 73   3.534300000000e+00    3.583387500000e+00
 74   3.583387500000e+00    3.632475000000e+00
 75   3.632475000000e+00    3.681562500000e+00
 76   3.681562500000e+00    3.730650000000e+00
 77   3.730650000000e+00    3.779737500000e+00
 78   3.779737500000e+00    3.828825000000e+00
 79   3.828825000000e+00    3.877912500000e+00
 80   3.877912500000e+00    3.927000000000e+00
 81   3.927000000000e+00    3.976087500000e+00
 82   3.976087500000e+00    4.025175000000e+00
 83   4.025175000000e+00    4.074262500000e+00
 84   4.074262500000e+00    4.123350000000e+00
 85   4.123350000000e+00    4.172437500000e+00
 86   4.172437500000e+00    4.221525000000e+00
 87   4.221525000000e+00    4.270612500000e+00
 88   4.270612500000e+00    4.319700000000e+00
 89   4.319700000000e+00    4.368787500000e+00
 90   4.368787500000e+00    4.417875000000e+00
 91   4.417875000000e+00    4.466962500000e+00
 92   4.466962500000e+00    4.516050000000e+00
 93   4.516050000000e+00    4.565137500000e+00
 94   4.565137500000e+00    4.614225000000e+00
 95   4.614225000000e+00    4.663312500000e+00
 96   4.663312500000e+00    4.712400000000e+00
 97   4.712400000000e+00    4.761487500000e+00
 98   4.761487500000e+00    4.810575000000e+00
 99   4.810575000000e+00    4.859662500000e+00
 100   4.859662500000e+00    4.908750000000e+00
 101   4.908750000000e+00    4.957837500000e+00
 102   4.957837500000e+00    5.006925000000e+00
 103   5.006925000000e+00    5.056012500000e+00
 104   5.056012500000e+00    5.105100000000e+00
 105   5.105100000000e+00    5.154187500000e+00
 106   5.154187500000e+00    5.203275000000e+00
 107   5.203275000000e+00    5.252362500000e+00
 108   5.252362500000e+00    5.301450000000e+00
 109   5.301450000000e+00    5.350537500000e+00
 110   5.350537500000e+00    5.399625000000e+00
 111   5.399625000000e+00    5.448712500000e+00
 112   5.448712500000e+00    5.497800000000e+00
 113   5.497800000000e+00    5.546887500000e+00
 114   5.546887500000e+00    5.595975000000e+00
 115   5.595975000000e+00    5.645062500000e+00
 116   5.645062500000e+00    5.694150000000e+00
 117   5.694150000000e+00    5.743237500000e+00
 118   5.743237500000e+00    5.792325000000e+00
 119   5.792325000000e+00    5.841412500000e+00
 120   5.841412500000e+00    5.890500000000e+00
 121   5.890500000000e+00    5.939587500000e+00
 122   5.939587500000e+00    5.988675000000e+00
 123   5.988675000000e+00    6.037762500000e+00
 124   6.037762500000e+00    6.086850000000e+00
 125   6.086850000000e+00    6.135937500000e+00
 126   6.135937500000e+00    6.185025000000e+00
 127   6.185025000000e+00    6.234112500000e+00
 128   6.234112500000e+00    6.283200000000e+00
